{"C:\\Users\\Jeroen\\school\\cloudservices\\eindopdracht_cloud_2\\Draw-Smile\\app\\models\\Images.js":{"path":"C:\\Users\\Jeroen\\school\\cloudservices\\eindopdracht_cloud_2\\Draw-Smile\\app\\models\\Images.js","s":{"1":1,"2":1,"3":1,"4":1},"b":{},"f":{},"fnMap":{},"statementMap":{"1":{"start":{"line":2,"column":0},"end":{"line":2,"column":39}},"2":{"start":{"line":3,"column":0},"end":{"line":3,"column":35}},"3":{"start":{"line":5,"column":0},"end":{"line":7,"column":3}},"4":{"start":{"line":11,"column":0},"end":{"line":11,"column":55}}},"branchMap":{}},"C:\\Users\\Jeroen\\school\\cloudservices\\eindopdracht_cloud_2\\Draw-Smile\\app\\models\\Stories.js":{"path":"C:\\Users\\Jeroen\\school\\cloudservices\\eindopdracht_cloud_2\\Draw-Smile\\app\\models\\Stories.js","s":{"1":1,"2":1,"3":1,"4":1},"b":{},"f":{},"fnMap":{},"statementMap":{"1":{"start":{"line":3,"column":0},"end":{"line":3,"column":39}},"2":{"start":{"line":4,"column":0},"end":{"line":4,"column":35}},"3":{"start":{"line":6,"column":0},"end":{"line":20,"column":3}},"4":{"start":{"line":24,"column":0},"end":{"line":24,"column":58}}},"branchMap":{}},"C:\\Users\\Jeroen\\school\\cloudservices\\eindopdracht_cloud_2\\Draw-Smile\\app\\models\\User.js":{"path":"C:\\Users\\Jeroen\\school\\cloudservices\\eindopdracht_cloud_2\\Draw-Smile\\app\\models\\User.js","s":{"1":1,"2":1,"3":1,"4":1,"5":1},"b":{},"f":{},"fnMap":{},"statementMap":{"1":{"start":{"line":2,"column":0},"end":{"line":2,"column":39}},"2":{"start":{"line":3,"column":0},"end":{"line":3,"column":35}},"3":{"start":{"line":4,"column":0},"end":{"line":4,"column":40}},"4":{"start":{"line":7,"column":0},"end":{"line":17,"column":3}},"5":{"start":{"line":19,"column":0},"end":{"line":19,"column":52}}},"branchMap":{}},"C:\\Users\\Jeroen\\school\\cloudservices\\eindopdracht_cloud_2\\Draw-Smile\\app\\models\\Room.js":{"path":"C:\\Users\\Jeroen\\school\\cloudservices\\eindopdracht_cloud_2\\Draw-Smile\\app\\models\\Room.js","s":{"1":1,"2":1,"3":1,"4":1},"b":{},"f":{},"fnMap":{},"statementMap":{"1":{"start":{"line":3,"column":0},"end":{"line":3,"column":39}},"2":{"start":{"line":4,"column":0},"end":{"line":4,"column":35}},"3":{"start":{"line":6,"column":0},"end":{"line":26,"column":3}},"4":{"start":{"line":30,"column":0},"end":{"line":30,"column":52}}},"branchMap":{}},"C:\\Users\\Jeroen\\school\\cloudservices\\eindopdracht_cloud_2\\Draw-Smile\\app\\models\\Rankings.js":{"path":"C:\\Users\\Jeroen\\school\\cloudservices\\eindopdracht_cloud_2\\Draw-Smile\\app\\models\\Rankings.js","s":{"1":1,"2":1,"3":1,"4":1},"b":{},"f":{},"fnMap":{},"statementMap":{"1":{"start":{"line":2,"column":0},"end":{"line":2,"column":39}},"2":{"start":{"line":3,"column":0},"end":{"line":3,"column":35}},"3":{"start":{"line":6,"column":0},"end":{"line":15,"column":3}},"4":{"start":{"line":19,"column":0},"end":{"line":19,"column":58}}},"branchMap":{}},"C:\\Users\\Jeroen\\school\\cloudservices\\eindopdracht_cloud_2\\Draw-Smile\\routes\\Images.js":{"path":"C:\\Users\\Jeroen\\school\\cloudservices\\eindopdracht_cloud_2\\Draw-Smile\\routes\\Images.js","s":{"1":1,"2":1,"3":2,"4":2,"5":0,"6":0,"7":2,"8":2,"9":1,"10":1,"11":1,"12":1,"13":0,"14":0,"15":1,"16":1,"17":1,"18":1,"19":1,"20":0,"21":0,"22":1,"23":1,"24":1},"b":{"1":[0,2],"2":[0,1],"3":[0,1]},"f":{"1":1,"2":2,"3":2,"4":1,"5":1,"6":1,"7":1},"fnMap":{"1":{"name":"(anonymous_1)","line":1,"loc":{"start":{"line":1,"column":17},"end":{"line":1,"column":41}}},"2":{"name":"(anonymous_2)","line":5,"loc":{"start":{"line":5,"column":10},"end":{"line":5,"column":28}}},"3":{"name":"(anonymous_3)","line":6,"loc":{"start":{"line":6,"column":20},"end":{"line":6,"column":40}}},"4":{"name":"(anonymous_4)","line":15,"loc":{"start":{"line":15,"column":14},"end":{"line":15,"column":32}}},"5":{"name":"(anonymous_5)","line":21,"loc":{"start":{"line":21,"column":20},"end":{"line":21,"column":33}}},"6":{"name":"(anonymous_6)","line":34,"loc":{"start":{"line":34,"column":13},"end":{"line":34,"column":31}}},"7":{"name":"(anonymous_7)","line":35,"loc":{"start":{"line":35,"column":49},"end":{"line":35,"column":69}}}},"statementMap":{"1":{"start":{"line":1,"column":0},"end":{"line":49,"column":1}},"2":{"start":{"line":4,"column":4},"end":{"line":30,"column":7}},"3":{"start":{"line":6,"column":8},"end":{"line":13,"column":11}},"4":{"start":{"line":7,"column":12},"end":{"line":10,"column":13}},"5":{"start":{"line":8,"column":16},"end":{"line":8,"column":89}},"6":{"start":{"line":9,"column":16},"end":{"line":9,"column":30}},"7":{"start":{"line":11,"column":12},"end":{"line":11,"column":28}},"8":{"start":{"line":12,"column":12},"end":{"line":12,"column":78}},"9":{"start":{"line":16,"column":8},"end":{"line":16,"column":34}},"10":{"start":{"line":17,"column":8},"end":{"line":17,"column":38}},"11":{"start":{"line":21,"column":8},"end":{"line":29,"column":11}},"12":{"start":{"line":22,"column":12},"end":{"line":28,"column":14}},"13":{"start":{"line":23,"column":16},"end":{"line":23,"column":96}},"14":{"start":{"line":24,"column":16},"end":{"line":24,"column":30}},"15":{"start":{"line":26,"column":12},"end":{"line":26,"column":28}},"16":{"start":{"line":27,"column":12},"end":{"line":27,"column":86}},"17":{"start":{"line":33,"column":4},"end":{"line":43,"column":10}},"18":{"start":{"line":35,"column":12},"end":{"line":42,"column":15}},"19":{"start":{"line":36,"column":16},"end":{"line":39,"column":17}},"20":{"start":{"line":37,"column":20},"end":{"line":37,"column":93}},"21":{"start":{"line":38,"column":20},"end":{"line":38,"column":34}},"22":{"start":{"line":40,"column":16},"end":{"line":40,"column":32}},"23":{"start":{"line":41,"column":16},"end":{"line":41,"column":82}},"24":{"start":{"line":46,"column":4},"end":{"line":46,"column":18}}},"branchMap":{"1":{"line":7,"type":"if","locations":[{"start":{"line":7,"column":12},"end":{"line":7,"column":12}},{"start":{"line":7,"column":12},"end":{"line":7,"column":12}}]},"2":{"line":22,"type":"if","locations":[{"start":{"line":22,"column":12},"end":{"line":22,"column":12}},{"start":{"line":22,"column":12},"end":{"line":22,"column":12}}]},"3":{"line":36,"type":"if","locations":[{"start":{"line":36,"column":16},"end":{"line":36,"column":16}},{"start":{"line":36,"column":16},"end":{"line":36,"column":16}}]}}},"C:\\Users\\Jeroen\\school\\cloudservices\\eindopdracht_cloud_2\\Draw-Smile\\routes\\users.js":{"path":"C:\\Users\\Jeroen\\school\\cloudservices\\eindopdracht_cloud_2\\Draw-Smile\\routes\\users.js","s":{"1":1,"2":1,"3":1,"4":1,"5":1,"6":1,"7":0,"8":0,"9":0,"10":0,"11":0,"12":0,"13":0,"14":0,"15":0,"16":0,"17":0,"18":0,"19":0,"20":1,"21":1,"22":0,"23":1,"24":1,"25":3,"26":3,"27":0,"28":0,"29":3,"30":3,"31":1,"32":1,"33":1,"34":0,"35":0,"36":1,"37":1,"38":1,"39":1,"40":0,"41":0,"42":1,"43":1,"44":1,"45":0,"46":1,"47":0,"48":0,"49":0,"50":0,"51":0,"52":0,"53":0,"54":0,"55":0,"56":0,"57":0,"58":0,"59":0,"60":1,"61":1,"62":0,"63":1,"64":1,"65":1},"b":{"1":[0,1],"2":[0,0],"3":[0,0],"4":[0,1],"5":[0,3],"6":[0,1],"7":[0,1],"8":[1,0],"9":[0,1],"10":[0,1],"11":[0,0],"12":[0,0],"13":[0,1]},"f":{"1":1,"2":1,"3":0,"4":0,"5":1,"6":3,"7":3,"8":1,"9":1,"10":1,"11":1,"12":0,"13":0,"14":1},"fnMap":{"1":{"name":"(anonymous_1)","line":3,"loc":{"start":{"line":3,"column":17},"end":{"line":3,"column":46}}},"2":{"name":"(anonymous_2)","line":7,"loc":{"start":{"line":7,"column":14},"end":{"line":7,"column":32}}},"3":{"name":"(anonymous_3)","line":16,"loc":{"start":{"line":16,"column":24},"end":{"line":16,"column":43}}},"4":{"name":"(anonymous_4)","line":23,"loc":{"start":{"line":23,"column":26},"end":{"line":23,"column":39}}},"5":{"name":"(anonymous_5)","line":30,"loc":{"start":{"line":30,"column":22},"end":{"line":30,"column":35}}},"6":{"name":"(anonymous_6)","line":38,"loc":{"start":{"line":38,"column":13},"end":{"line":38,"column":31}}},"7":{"name":"(anonymous_7)","line":40,"loc":{"start":{"line":40,"column":18},"end":{"line":40,"column":38}}},"8":{"name":"(anonymous_8)","line":51,"loc":{"start":{"line":51,"column":13},"end":{"line":51,"column":31}}},"9":{"name":"(anonymous_9)","line":52,"loc":{"start":{"line":52,"column":46},"end":{"line":52,"column":65}}},"10":{"name":"(anonymous_10)","line":61,"loc":{"start":{"line":61,"column":15},"end":{"line":61,"column":32}}},"11":{"name":"(anonymous_11)","line":63,"loc":{"start":{"line":63,"column":46},"end":{"line":63,"column":65}}},"12":{"name":"(anonymous_12)","line":81,"loc":{"start":{"line":81,"column":36},"end":{"line":81,"column":55}}},"13":{"name":"(anonymous_13)","line":88,"loc":{"start":{"line":88,"column":38},"end":{"line":88,"column":51}}},"14":{"name":"(anonymous_14)","line":98,"loc":{"start":{"line":98,"column":31},"end":{"line":98,"column":44}}}},"statementMap":{"1":{"start":{"line":3,"column":0},"end":{"line":114,"column":1}},"2":{"start":{"line":6,"column":4},"end":{"line":48,"column":7}},"3":{"start":{"line":8,"column":8},"end":{"line":8,"column":30}},"4":{"start":{"line":9,"column":8},"end":{"line":9,"column":42}},"5":{"start":{"line":10,"column":8},"end":{"line":10,"column":42}},"6":{"start":{"line":13,"column":8},"end":{"line":35,"column":9}},"7":{"start":{"line":14,"column":12},"end":{"line":14,"column":38}},"8":{"start":{"line":15,"column":12},"end":{"line":15,"column":42}},"9":{"start":{"line":16,"column":12},"end":{"line":28,"column":19}},"10":{"start":{"line":17,"column":17},"end":{"line":20,"column":17}},"11":{"start":{"line":18,"column":20},"end":{"line":18,"column":100}},"12":{"start":{"line":19,"column":20},"end":{"line":19,"column":34}},"13":{"start":{"line":21,"column":16},"end":{"line":21,"column":39}},"14":{"start":{"line":22,"column":16},"end":{"line":22,"column":39}},"15":{"start":{"line":23,"column":16},"end":{"line":27,"column":23}},"16":{"start":{"line":24,"column":20},"end":{"line":24,"column":43}},"17":{"start":{"line":24,"column":29},"end":{"line":24,"column":42}},"18":{"start":{"line":25,"column":24},"end":{"line":25,"column":40}},"19":{"start":{"line":26,"column":24},"end":{"line":26,"column":90}},"20":{"start":{"line":30,"column":12},"end":{"line":34,"column":23}},"21":{"start":{"line":31,"column":20},"end":{"line":31,"column":43}},"22":{"start":{"line":31,"column":29},"end":{"line":31,"column":42}},"23":{"start":{"line":32,"column":24},"end":{"line":32,"column":40}},"24":{"start":{"line":33,"column":24},"end":{"line":33,"column":91}},"25":{"start":{"line":40,"column":8},"end":{"line":47,"column":11}},"26":{"start":{"line":41,"column":12},"end":{"line":44,"column":13}},"27":{"start":{"line":42,"column":16},"end":{"line":42,"column":88}},"28":{"start":{"line":43,"column":16},"end":{"line":43,"column":30}},"29":{"start":{"line":45,"column":12},"end":{"line":45,"column":28}},"30":{"start":{"line":46,"column":12},"end":{"line":46,"column":78}},"31":{"start":{"line":50,"column":4},"end":{"line":109,"column":11}},"32":{"start":{"line":52,"column":12},"end":{"line":59,"column":15}},"33":{"start":{"line":53,"column":16},"end":{"line":56,"column":17}},"34":{"start":{"line":54,"column":20},"end":{"line":54,"column":91}},"35":{"start":{"line":55,"column":20},"end":{"line":55,"column":34}},"36":{"start":{"line":57,"column":16},"end":{"line":57,"column":32}},"37":{"start":{"line":58,"column":16},"end":{"line":58,"column":81}},"38":{"start":{"line":63,"column":12},"end":{"line":108,"column":15}},"39":{"start":{"line":64,"column":16},"end":{"line":67,"column":17}},"40":{"start":{"line":65,"column":20},"end":{"line":65,"column":81}},"41":{"start":{"line":66,"column":20},"end":{"line":66,"column":34}},"42":{"start":{"line":70,"column":16},"end":{"line":72,"column":17}},"43":{"start":{"line":71,"column":20},"end":{"line":71,"column":54}},"44":{"start":{"line":74,"column":16},"end":{"line":76,"column":17}},"45":{"start":{"line":75,"column":20},"end":{"line":75,"column":54}},"46":{"start":{"line":78,"column":16},"end":{"line":103,"column":17}},"47":{"start":{"line":79,"column":24},"end":{"line":79,"column":50}},"48":{"start":{"line":80,"column":24},"end":{"line":80,"column":54}},"49":{"start":{"line":81,"column":24},"end":{"line":95,"column":28}},"50":{"start":{"line":82,"column":28},"end":{"line":85,"column":29}},"51":{"start":{"line":83,"column":31},"end":{"line":83,"column":111}},"52":{"start":{"line":84,"column":31},"end":{"line":84,"column":45}},"53":{"start":{"line":86,"column":28},"end":{"line":86,"column":51}},"54":{"start":{"line":87,"column":28},"end":{"line":87,"column":51}},"55":{"start":{"line":88,"column":28},"end":{"line":92,"column":31}},"56":{"start":{"line":89,"column":32},"end":{"line":89,"column":55}},"57":{"start":{"line":89,"column":41},"end":{"line":89,"column":54}},"58":{"start":{"line":90,"column":32},"end":{"line":90,"column":48}},"59":{"start":{"line":91,"column":32},"end":{"line":91,"column":96}},"60":{"start":{"line":98,"column":21},"end":{"line":102,"column":31}},"61":{"start":{"line":99,"column":32},"end":{"line":99,"column":55}},"62":{"start":{"line":99,"column":41},"end":{"line":99,"column":54}},"63":{"start":{"line":100,"column":32},"end":{"line":100,"column":48}},"64":{"start":{"line":101,"column":32},"end":{"line":101,"column":96}},"65":{"start":{"line":113,"column":4},"end":{"line":113,"column":18}}},"branchMap":{"1":{"line":13,"type":"if","locations":[{"start":{"line":13,"column":8},"end":{"line":13,"column":8}},{"start":{"line":13,"column":8},"end":{"line":13,"column":8}}]},"2":{"line":17,"type":"if","locations":[{"start":{"line":17,"column":17},"end":{"line":17,"column":17}},{"start":{"line":17,"column":17},"end":{"line":17,"column":17}}]},"3":{"line":24,"type":"if","locations":[{"start":{"line":24,"column":20},"end":{"line":24,"column":20}},{"start":{"line":24,"column":20},"end":{"line":24,"column":20}}]},"4":{"line":31,"type":"if","locations":[{"start":{"line":31,"column":20},"end":{"line":31,"column":20}},{"start":{"line":31,"column":20},"end":{"line":31,"column":20}}]},"5":{"line":41,"type":"if","locations":[{"start":{"line":41,"column":12},"end":{"line":41,"column":12}},{"start":{"line":41,"column":12},"end":{"line":41,"column":12}}]},"6":{"line":53,"type":"if","locations":[{"start":{"line":53,"column":16},"end":{"line":53,"column":16}},{"start":{"line":53,"column":16},"end":{"line":53,"column":16}}]},"7":{"line":64,"type":"if","locations":[{"start":{"line":64,"column":16},"end":{"line":64,"column":16}},{"start":{"line":64,"column":16},"end":{"line":64,"column":16}}]},"8":{"line":70,"type":"if","locations":[{"start":{"line":70,"column":16},"end":{"line":70,"column":16}},{"start":{"line":70,"column":16},"end":{"line":70,"column":16}}]},"9":{"line":74,"type":"if","locations":[{"start":{"line":74,"column":16},"end":{"line":74,"column":16}},{"start":{"line":74,"column":16},"end":{"line":74,"column":16}}]},"10":{"line":78,"type":"if","locations":[{"start":{"line":78,"column":16},"end":{"line":78,"column":16}},{"start":{"line":78,"column":16},"end":{"line":78,"column":16}}]},"11":{"line":82,"type":"if","locations":[{"start":{"line":82,"column":28},"end":{"line":82,"column":28}},{"start":{"line":82,"column":28},"end":{"line":82,"column":28}}]},"12":{"line":89,"type":"if","locations":[{"start":{"line":89,"column":32},"end":{"line":89,"column":32}},{"start":{"line":89,"column":32},"end":{"line":89,"column":32}}]},"13":{"line":99,"type":"if","locations":[{"start":{"line":99,"column":32},"end":{"line":99,"column":32}},{"start":{"line":99,"column":32},"end":{"line":99,"column":32}}]}}},"C:\\Users\\Jeroen\\school\\cloudservices\\eindopdracht_cloud_2\\Draw-Smile\\routes\\rooms.js":{"path":"C:\\Users\\Jeroen\\school\\cloudservices\\eindopdracht_cloud_2\\Draw-Smile\\routes\\rooms.js","s":{"1":1,"2":1,"3":1,"4":1,"5":1,"6":1,"7":1,"8":1,"9":1,"10":1,"11":1,"12":0,"13":0,"14":1,"15":1,"16":6,"17":6,"18":0,"19":0,"20":6,"21":6,"22":1,"23":1,"24":1,"25":0,"26":0,"27":1,"28":1,"29":1,"30":1,"31":0,"32":0,"33":1,"34":1,"35":1,"36":0,"37":1,"38":0,"39":1,"40":0,"41":1,"42":0,"43":1,"44":0,"45":1,"46":1,"47":0,"48":1,"49":1,"50":1,"51":2,"52":2,"53":0,"54":0,"55":2,"56":2,"57":1,"58":1,"59":0,"60":0,"61":1,"62":1,"63":1,"64":1,"65":1,"66":0,"67":0,"68":1,"69":1,"70":9,"71":1,"72":1,"73":1,"74":0,"75":1,"76":1,"77":0,"78":0,"79":0,"80":0,"81":0,"82":0,"83":0,"84":0,"85":0,"86":0,"87":0,"88":0,"89":0,"90":0,"91":0,"92":0,"93":0,"94":0,"95":0,"96":0,"97":0,"98":0,"99":0,"100":0,"101":0,"102":0,"103":0,"104":0,"105":0,"106":0,"107":1},"b":{"1":[0,1],"2":[0,6],"3":[0,1],"4":[0,1],"5":[1,0],"6":[0,1],"7":[0,1],"8":[0,1],"9":[0,1],"10":[0,1],"11":[0,1],"12":[0,2],"13":[0,1],"14":[0,1],"15":[1,8],"16":[0,1],"17":[0,0],"18":[0,0],"19":[0,0],"20":[0,0],"21":[0,0],"22":[0,0],"23":[0,0],"24":[0,0]},"f":{"1":1,"2":1,"3":1,"4":6,"5":6,"6":1,"7":1,"8":1,"9":1,"10":1,"11":2,"12":2,"13":1,"14":1,"15":1,"16":1,"17":0,"18":0,"19":0,"20":0,"21":0},"fnMap":{"1":{"name":"(anonymous_1)","line":1,"loc":{"start":{"line":1,"column":17},"end":{"line":1,"column":48}}},"2":{"name":"(anonymous_2)","line":4,"loc":{"start":{"line":4,"column":14},"end":{"line":4,"column":32}}},"3":{"name":"(anonymous_3)","line":15,"loc":{"start":{"line":15,"column":22},"end":{"line":15,"column":35}}},"4":{"name":"(anonymous_4)","line":24,"loc":{"start":{"line":24,"column":13},"end":{"line":24,"column":31}}},"5":{"name":"(anonymous_5)","line":28,"loc":{"start":{"line":28,"column":22},"end":{"line":28,"column":42}}},"6":{"name":"(anonymous_6)","line":62,"loc":{"start":{"line":62,"column":13},"end":{"line":62,"column":31}}},"7":{"name":"(anonymous_7)","line":65,"loc":{"start":{"line":65,"column":22},"end":{"line":65,"column":42}}},"8":{"name":"(anonymous_8)","line":76,"loc":{"start":{"line":76,"column":13},"end":{"line":76,"column":30}}},"9":{"name":"(anonymous_9)","line":78,"loc":{"start":{"line":78,"column":46},"end":{"line":78,"column":65}}},"10":{"name":"(anonymous_10)","line":106,"loc":{"start":{"line":106,"column":26},"end":{"line":106,"column":39}}},"11":{"name":"(anonymous_11)","line":115,"loc":{"start":{"line":115,"column":13},"end":{"line":115,"column":30}}},"12":{"name":"(anonymous_12)","line":116,"loc":{"start":{"line":116,"column":46},"end":{"line":116,"column":66}}},"13":{"name":"(anonymous_13)","line":128,"loc":{"start":{"line":128,"column":14},"end":{"line":128,"column":31}}},"14":{"name":"(anonymous_14)","line":133,"loc":{"start":{"line":133,"column":14},"end":{"line":133,"column":35}}},"15":{"name":"(anonymous_15)","line":149,"loc":{"start":{"line":149,"column":13},"end":{"line":149,"column":31}}},"16":{"name":"(anonymous_16)","line":150,"loc":{"start":{"line":150,"column":47},"end":{"line":150,"column":67}}},"17":{"name":"(anonymous_17)","line":184,"loc":{"start":{"line":184,"column":13},"end":{"line":184,"column":30}}},"18":{"name":"(anonymous_18)","line":185,"loc":{"start":{"line":185,"column":45},"end":{"line":185,"column":64}}},"19":{"name":"(anonymous_19)","line":219,"loc":{"start":{"line":219,"column":36},"end":{"line":219,"column":55}}},"20":{"name":"(anonymous_20)","line":226,"loc":{"start":{"line":226,"column":38},"end":{"line":226,"column":51}}},"21":{"name":"(anonymous_21)","line":235,"loc":{"start":{"line":235,"column":34},"end":{"line":235,"column":47}}}},"statementMap":{"1":{"start":{"line":1,"column":0},"end":{"line":251,"column":1}},"2":{"start":{"line":3,"column":4},"end":{"line":59,"column":11}},"3":{"start":{"line":7,"column":12},"end":{"line":7,"column":34}},"4":{"start":{"line":8,"column":12},"end":{"line":8,"column":38}},"5":{"start":{"line":9,"column":12},"end":{"line":9,"column":40}},"6":{"start":{"line":10,"column":12},"end":{"line":10,"column":46}},"7":{"start":{"line":11,"column":12},"end":{"line":11,"column":40}},"8":{"start":{"line":12,"column":12},"end":{"line":12,"column":46}},"9":{"start":{"line":13,"column":12},"end":{"line":13,"column":44}},"10":{"start":{"line":15,"column":12},"end":{"line":22,"column":15}},"11":{"start":{"line":16,"column":16},"end":{"line":19,"column":17}},"12":{"start":{"line":17,"column":20},"end":{"line":17,"column":104}},"13":{"start":{"line":18,"column":20},"end":{"line":18,"column":34}},"14":{"start":{"line":20,"column":16},"end":{"line":20,"column":32}},"15":{"start":{"line":21,"column":16},"end":{"line":21,"column":85}},"16":{"start":{"line":26,"column":12},"end":{"line":37,"column":19}},"17":{"start":{"line":29,"column":18},"end":{"line":32,"column":17}},"18":{"start":{"line":30,"column":20},"end":{"line":30,"column":92}},"19":{"start":{"line":31,"column":20},"end":{"line":31,"column":34}},"20":{"start":{"line":35,"column":16},"end":{"line":35,"column":32}},"21":{"start":{"line":36,"column":16},"end":{"line":36,"column":82}},"22":{"start":{"line":61,"column":4},"end":{"line":113,"column":11}},"23":{"start":{"line":63,"column":14},"end":{"line":74,"column":19}},"24":{"start":{"line":66,"column":18},"end":{"line":69,"column":19}},"25":{"start":{"line":67,"column":20},"end":{"line":67,"column":92}},"26":{"start":{"line":68,"column":20},"end":{"line":68,"column":34}},"27":{"start":{"line":71,"column":18},"end":{"line":71,"column":34}},"28":{"start":{"line":72,"column":18},"end":{"line":72,"column":84}},"29":{"start":{"line":78,"column":12},"end":{"line":112,"column":15}},"30":{"start":{"line":79,"column":16},"end":{"line":82,"column":17}},"31":{"start":{"line":80,"column":20},"end":{"line":80,"column":81}},"32":{"start":{"line":81,"column":20},"end":{"line":81,"column":34}},"33":{"start":{"line":85,"column":16},"end":{"line":87,"column":17}},"34":{"start":{"line":86,"column":20},"end":{"line":86,"column":46}},"35":{"start":{"line":88,"column":18},"end":{"line":90,"column":17}},"36":{"start":{"line":89,"column":20},"end":{"line":89,"column":48}},"37":{"start":{"line":91,"column":18},"end":{"line":93,"column":17}},"38":{"start":{"line":92,"column":20},"end":{"line":92,"column":54}},"39":{"start":{"line":95,"column":16},"end":{"line":97,"column":17}},"40":{"start":{"line":96,"column":20},"end":{"line":96,"column":48}},"41":{"start":{"line":98,"column":17},"end":{"line":100,"column":17}},"42":{"start":{"line":99,"column":21},"end":{"line":99,"column":55}},"43":{"start":{"line":101,"column":16},"end":{"line":103,"column":17}},"44":{"start":{"line":102,"column":20},"end":{"line":102,"column":52}},"45":{"start":{"line":106,"column":16},"end":{"line":111,"column":19}},"46":{"start":{"line":107,"column":20},"end":{"line":107,"column":42}},"47":{"start":{"line":107,"column":28},"end":{"line":107,"column":42}},"48":{"start":{"line":109,"column":20},"end":{"line":109,"column":36}},"49":{"start":{"line":110,"column":20},"end":{"line":110,"column":84}},"50":{"start":{"line":114,"column":4},"end":{"line":147,"column":11}},"51":{"start":{"line":116,"column":13},"end":{"line":125,"column":15}},"52":{"start":{"line":117,"column":16},"end":{"line":120,"column":17}},"53":{"start":{"line":118,"column":20},"end":{"line":118,"column":92}},"54":{"start":{"line":119,"column":20},"end":{"line":119,"column":34}},"55":{"start":{"line":121,"column":16},"end":{"line":121,"column":32}},"56":{"start":{"line":122,"column":19},"end":{"line":122,"column":91}},"57":{"start":{"line":130,"column":12},"end":{"line":139,"column":14}},"58":{"start":{"line":134,"column":14},"end":{"line":137,"column":15}},"59":{"start":{"line":135,"column":17},"end":{"line":135,"column":89}},"60":{"start":{"line":136,"column":20},"end":{"line":136,"column":34}},"61":{"start":{"line":142,"column":20},"end":{"line":142,"column":36}},"62":{"start":{"line":143,"column":20},"end":{"line":143,"column":165}},"63":{"start":{"line":148,"column":4},"end":{"line":247,"column":10}},"64":{"start":{"line":150,"column":14},"end":{"line":178,"column":15}},"65":{"start":{"line":151,"column":16},"end":{"line":154,"column":17}},"66":{"start":{"line":152,"column":20},"end":{"line":152,"column":92}},"67":{"start":{"line":153,"column":20},"end":{"line":153,"column":34}},"68":{"start":{"line":155,"column":16},"end":{"line":155,"column":26}},"69":{"start":{"line":156,"column":16},"end":{"line":161,"column":17}},"70":{"start":{"line":158,"column":16},"end":{"line":160,"column":17}},"71":{"start":{"line":159,"column":20},"end":{"line":159,"column":30}},"72":{"start":{"line":162,"column":16},"end":{"line":162,"column":35}},"73":{"start":{"line":165,"column":17},"end":{"line":175,"column":16}},"74":{"start":{"line":166,"column":20},"end":{"line":166,"column":92}},"75":{"start":{"line":172,"column":19},"end":{"line":172,"column":35}},"76":{"start":{"line":173,"column":19},"end":{"line":173,"column":98}},"77":{"start":{"line":185,"column":12},"end":{"line":245,"column":15}},"78":{"start":{"line":186,"column":16},"end":{"line":186,"column":26}},"79":{"start":{"line":187,"column":15},"end":{"line":192,"column":17}},"80":{"start":{"line":189,"column":16},"end":{"line":191,"column":17}},"81":{"start":{"line":190,"column":20},"end":{"line":190,"column":30}},"82":{"start":{"line":195,"column":17},"end":{"line":243,"column":17}},"83":{"start":{"line":196,"column":20},"end":{"line":196,"column":92}},"84":{"start":{"line":200,"column":17},"end":{"line":200,"column":44}},"85":{"start":{"line":207,"column":20},"end":{"line":209,"column":21}},"86":{"start":{"line":208,"column":24},"end":{"line":208,"column":75}},"87":{"start":{"line":211,"column":20},"end":{"line":213,"column":21}},"88":{"start":{"line":212,"column":23},"end":{"line":212,"column":72}},"89":{"start":{"line":216,"column":20},"end":{"line":240,"column":21}},"90":{"start":{"line":217,"column":24},"end":{"line":217,"column":50}},"91":{"start":{"line":218,"column":24},"end":{"line":218,"column":54}},"92":{"start":{"line":219,"column":24},"end":{"line":233,"column":28}},"93":{"start":{"line":220,"column":28},"end":{"line":223,"column":29}},"94":{"start":{"line":221,"column":31},"end":{"line":221,"column":111}},"95":{"start":{"line":222,"column":31},"end":{"line":222,"column":45}},"96":{"start":{"line":225,"column":28},"end":{"line":225,"column":64}},"97":{"start":{"line":226,"column":28},"end":{"line":230,"column":31}},"98":{"start":{"line":227,"column":32},"end":{"line":227,"column":55}},"99":{"start":{"line":227,"column":41},"end":{"line":227,"column":54}},"100":{"start":{"line":228,"column":32},"end":{"line":228,"column":48}},"101":{"start":{"line":229,"column":32},"end":{"line":229,"column":85}},"102":{"start":{"line":235,"column":24},"end":{"line":239,"column":27}},"103":{"start":{"line":236,"column":28},"end":{"line":236,"column":51}},"104":{"start":{"line":236,"column":37},"end":{"line":236,"column":50}},"105":{"start":{"line":237,"column":28},"end":{"line":237,"column":44}},"106":{"start":{"line":238,"column":28},"end":{"line":238,"column":81}},"107":{"start":{"line":250,"column":4},"end":{"line":250,"column":18}}},"branchMap":{"1":{"line":16,"type":"if","locations":[{"start":{"line":16,"column":16},"end":{"line":16,"column":16}},{"start":{"line":16,"column":16},"end":{"line":16,"column":16}}]},"2":{"line":29,"type":"if","locations":[{"start":{"line":29,"column":18},"end":{"line":29,"column":18}},{"start":{"line":29,"column":18},"end":{"line":29,"column":18}}]},"3":{"line":66,"type":"if","locations":[{"start":{"line":66,"column":18},"end":{"line":66,"column":18}},{"start":{"line":66,"column":18},"end":{"line":66,"column":18}}]},"4":{"line":79,"type":"if","locations":[{"start":{"line":79,"column":16},"end":{"line":79,"column":16}},{"start":{"line":79,"column":16},"end":{"line":79,"column":16}}]},"5":{"line":85,"type":"if","locations":[{"start":{"line":85,"column":16},"end":{"line":85,"column":16}},{"start":{"line":85,"column":16},"end":{"line":85,"column":16}}]},"6":{"line":88,"type":"if","locations":[{"start":{"line":88,"column":18},"end":{"line":88,"column":18}},{"start":{"line":88,"column":18},"end":{"line":88,"column":18}}]},"7":{"line":91,"type":"if","locations":[{"start":{"line":91,"column":18},"end":{"line":91,"column":18}},{"start":{"line":91,"column":18},"end":{"line":91,"column":18}}]},"8":{"line":95,"type":"if","locations":[{"start":{"line":95,"column":16},"end":{"line":95,"column":16}},{"start":{"line":95,"column":16},"end":{"line":95,"column":16}}]},"9":{"line":98,"type":"if","locations":[{"start":{"line":98,"column":17},"end":{"line":98,"column":17}},{"start":{"line":98,"column":17},"end":{"line":98,"column":17}}]},"10":{"line":101,"type":"if","locations":[{"start":{"line":101,"column":16},"end":{"line":101,"column":16}},{"start":{"line":101,"column":16},"end":{"line":101,"column":16}}]},"11":{"line":107,"type":"if","locations":[{"start":{"line":107,"column":20},"end":{"line":107,"column":20}},{"start":{"line":107,"column":20},"end":{"line":107,"column":20}}]},"12":{"line":117,"type":"if","locations":[{"start":{"line":117,"column":16},"end":{"line":117,"column":16}},{"start":{"line":117,"column":16},"end":{"line":117,"column":16}}]},"13":{"line":134,"type":"if","locations":[{"start":{"line":134,"column":14},"end":{"line":134,"column":14}},{"start":{"line":134,"column":14},"end":{"line":134,"column":14}}]},"14":{"line":151,"type":"if","locations":[{"start":{"line":151,"column":16},"end":{"line":151,"column":16}},{"start":{"line":151,"column":16},"end":{"line":151,"column":16}}]},"15":{"line":158,"type":"if","locations":[{"start":{"line":158,"column":16},"end":{"line":158,"column":16}},{"start":{"line":158,"column":16},"end":{"line":158,"column":16}}]},"16":{"line":165,"type":"if","locations":[{"start":{"line":165,"column":17},"end":{"line":165,"column":17}},{"start":{"line":165,"column":17},"end":{"line":165,"column":17}}]},"17":{"line":189,"type":"if","locations":[{"start":{"line":189,"column":16},"end":{"line":189,"column":16}},{"start":{"line":189,"column":16},"end":{"line":189,"column":16}}]},"18":{"line":195,"type":"if","locations":[{"start":{"line":195,"column":17},"end":{"line":195,"column":17}},{"start":{"line":195,"column":17},"end":{"line":195,"column":17}}]},"19":{"line":207,"type":"if","locations":[{"start":{"line":207,"column":20},"end":{"line":207,"column":20}},{"start":{"line":207,"column":20},"end":{"line":207,"column":20}}]},"20":{"line":211,"type":"if","locations":[{"start":{"line":211,"column":20},"end":{"line":211,"column":20}},{"start":{"line":211,"column":20},"end":{"line":211,"column":20}}]},"21":{"line":216,"type":"if","locations":[{"start":{"line":216,"column":20},"end":{"line":216,"column":20}},{"start":{"line":216,"column":20},"end":{"line":216,"column":20}}]},"22":{"line":220,"type":"if","locations":[{"start":{"line":220,"column":28},"end":{"line":220,"column":28}},{"start":{"line":220,"column":28},"end":{"line":220,"column":28}}]},"23":{"line":227,"type":"if","locations":[{"start":{"line":227,"column":32},"end":{"line":227,"column":32}},{"start":{"line":227,"column":32},"end":{"line":227,"column":32}}]},"24":{"line":236,"type":"if","locations":[{"start":{"line":236,"column":28},"end":{"line":236,"column":28}},{"start":{"line":236,"column":28},"end":{"line":236,"column":28}}]}}},"C:\\Users\\Jeroen\\school\\cloudservices\\eindopdracht_cloud_2\\Draw-Smile\\routes\\rankings.js":{"path":"C:\\Users\\Jeroen\\school\\cloudservices\\eindopdracht_cloud_2\\Draw-Smile\\routes\\rankings.js","s":{"1":1,"2":1,"3":1,"4":1,"5":1,"6":1,"7":1,"8":0,"9":0,"10":1,"11":1,"12":2,"13":2,"14":0,"15":0,"16":2,"17":2,"18":1,"19":1,"20":1,"21":0,"22":0,"23":1,"24":1,"25":1},"b":{"1":[0,1],"2":[0,2],"3":[0,1]},"f":{"1":1,"2":1,"3":1,"4":2,"5":2,"6":1,"7":1},"fnMap":{"1":{"name":"(anonymous_1)","line":1,"loc":{"start":{"line":1,"column":17},"end":{"line":1,"column":42}}},"2":{"name":"(anonymous_2)","line":5,"loc":{"start":{"line":5,"column":14},"end":{"line":5,"column":32}}},"3":{"name":"(anonymous_3)","line":11,"loc":{"start":{"line":11,"column":21},"end":{"line":11,"column":34}}},"4":{"name":"(anonymous_4)","line":20,"loc":{"start":{"line":20,"column":13},"end":{"line":20,"column":31}}},"5":{"name":"(anonymous_5)","line":21,"loc":{"start":{"line":21,"column":21},"end":{"line":21,"column":44}}},"6":{"name":"(anonymous_6)","line":32,"loc":{"start":{"line":32,"column":13},"end":{"line":32,"column":31}}},"7":{"name":"(anonymous_7)","line":33,"loc":{"start":{"line":33,"column":52},"end":{"line":33,"column":74}}}},"statementMap":{"1":{"start":{"line":1,"column":0},"end":{"line":47,"column":1}},"2":{"start":{"line":4,"column":4},"end":{"line":29,"column":7}},"3":{"start":{"line":6,"column":8},"end":{"line":6,"column":36}},"4":{"start":{"line":7,"column":8},"end":{"line":7,"column":39}},"5":{"start":{"line":8,"column":8},"end":{"line":8,"column":37}},"6":{"start":{"line":11,"column":8},"end":{"line":18,"column":11}},"7":{"start":{"line":12,"column":12},"end":{"line":15,"column":13}},"8":{"start":{"line":13,"column":16},"end":{"line":13,"column":97}},"9":{"start":{"line":14,"column":16},"end":{"line":14,"column":30}},"10":{"start":{"line":16,"column":12},"end":{"line":16,"column":28}},"11":{"start":{"line":17,"column":12},"end":{"line":17,"column":88}},"12":{"start":{"line":21,"column":8},"end":{"line":28,"column":11}},"13":{"start":{"line":22,"column":12},"end":{"line":25,"column":13}},"14":{"start":{"line":23,"column":16},"end":{"line":23,"column":91}},"15":{"start":{"line":24,"column":16},"end":{"line":24,"column":30}},"16":{"start":{"line":26,"column":12},"end":{"line":26,"column":28}},"17":{"start":{"line":27,"column":12},"end":{"line":27,"column":81}},"18":{"start":{"line":31,"column":4},"end":{"line":41,"column":10}},"19":{"start":{"line":33,"column":12},"end":{"line":40,"column":15}},"20":{"start":{"line":34,"column":16},"end":{"line":37,"column":17}},"21":{"start":{"line":35,"column":20},"end":{"line":35,"column":94}},"22":{"start":{"line":36,"column":20},"end":{"line":36,"column":34}},"23":{"start":{"line":38,"column":16},"end":{"line":38,"column":32}},"24":{"start":{"line":39,"column":16},"end":{"line":39,"column":84}},"25":{"start":{"line":44,"column":4},"end":{"line":44,"column":18}}},"branchMap":{"1":{"line":12,"type":"if","locations":[{"start":{"line":12,"column":12},"end":{"line":12,"column":12}},{"start":{"line":12,"column":12},"end":{"line":12,"column":12}}]},"2":{"line":22,"type":"if","locations":[{"start":{"line":22,"column":12},"end":{"line":22,"column":12}},{"start":{"line":22,"column":12},"end":{"line":22,"column":12}}]},"3":{"line":34,"type":"if","locations":[{"start":{"line":34,"column":16},"end":{"line":34,"column":16}},{"start":{"line":34,"column":16},"end":{"line":34,"column":16}}]}}}}