TN:
SF:C:\Users\Jeroen\school\cloudservices\eindopdracht_cloud_2\Draw-Smile\app\models\Images.js
FNF:0
FNH:0
DA:2,1
DA:3,1
DA:5,1
DA:17,1
LF:4
LH:4
BRF:0
BRH:0
end_of_record
TN:
SF:C:\Users\Jeroen\school\cloudservices\eindopdracht_cloud_2\Draw-Smile\app\models\Stories.js
FNF:0
FNH:0
DA:3,1
DA:4,1
DA:6,1
DA:24,1
LF:4
LH:4
BRF:0
BRH:0
end_of_record
TN:
SF:C:\Users\Jeroen\school\cloudservices\eindopdracht_cloud_2\Draw-Smile\app\models\User.js
FNF:0
FNH:0
DA:2,1
DA:3,1
DA:4,1
DA:7,1
DA:19,1
LF:5
LH:5
BRF:0
BRH:0
end_of_record
TN:
SF:C:\Users\Jeroen\school\cloudservices\eindopdracht_cloud_2\Draw-Smile\app\models\Room.js
FNF:0
FNH:0
DA:3,1
DA:4,1
DA:6,1
DA:30,1
LF:4
LH:4
BRF:0
BRH:0
end_of_record
TN:
SF:C:\Users\Jeroen\school\cloudservices\eindopdracht_cloud_2\Draw-Smile\app\models\Rankings.js
FNF:0
FNH:0
DA:2,1
DA:3,1
DA:6,1
DA:19,1
LF:4
LH:4
BRF:0
BRH:0
end_of_record
TN:
SF:C:\Users\Jeroen\school\cloudservices\eindopdracht_cloud_2\Draw-Smile\routes\Images.js
FN:1,(anonymous_1)
FN:5,(anonymous_2)
FN:6,(anonymous_3)
FN:15,(anonymous_4)
FN:21,(anonymous_5)
FN:33,(anonymous_6)
FN:34,(anonymous_7)
FNF:7
FNH:5
FNDA:1,(anonymous_1)
FNDA:2,(anonymous_2)
FNDA:2,(anonymous_3)
FNDA:0,(anonymous_4)
FNDA:0,(anonymous_5)
FNDA:1,(anonymous_6)
FNDA:1,(anonymous_7)
DA:1,1
DA:4,1
DA:6,2
DA:7,2
DA:8,0
DA:9,0
DA:11,2
DA:12,2
DA:16,0
DA:17,0
DA:21,0
DA:22,0
DA:23,0
DA:24,0
DA:26,0
DA:27,0
DA:32,1
DA:34,1
DA:35,1
DA:36,0
DA:37,0
DA:39,1
DA:40,1
DA:45,1
LF:24
LH:12
BRDA:7,1,0,0
BRDA:7,1,1,2
BRDA:22,2,0,0
BRDA:22,2,1,0
BRDA:35,3,0,0
BRDA:35,3,1,1
BRF:6
BRH:2
end_of_record
TN:
SF:C:\Users\Jeroen\school\cloudservices\eindopdracht_cloud_2\Draw-Smile\routes\users.js
FN:3,(anonymous_1)
FN:7,(anonymous_2)
FN:13,(anonymous_3)
FN:22,(anonymous_4)
FN:24,(anonymous_5)
FN:35,(anonymous_6)
FN:36,(anonymous_7)
FN:45,(anonymous_8)
FN:47,(anonymous_9)
FN:67,(anonymous_10)
FNF:10
FNH:1
FNDA:1,(anonymous_1)
FNDA:0,(anonymous_2)
FNDA:0,(anonymous_3)
FNDA:0,(anonymous_4)
FNDA:0,(anonymous_5)
FNDA:0,(anonymous_6)
FNDA:0,(anonymous_7)
FNDA:0,(anonymous_8)
FNDA:0,(anonymous_9)
FNDA:0,(anonymous_10)
DA:3,1
DA:6,1
DA:8,0
DA:9,0
DA:10,0
DA:11,0
DA:12,0
DA:13,0
DA:14,0
DA:15,0
DA:16,0
DA:18,0
DA:19,0
DA:24,0
DA:25,0
DA:26,0
DA:27,0
DA:29,0
DA:30,0
DA:34,1
DA:36,0
DA:37,0
DA:38,0
DA:39,0
DA:41,0
DA:42,0
DA:47,0
DA:48,0
DA:49,0
DA:50,0
DA:54,0
DA:55,0
DA:58,0
DA:59,0
DA:61,0
DA:62,0
DA:67,0
DA:68,0
DA:70,0
DA:71,0
DA:78,1
LF:41
LH:4
BRDA:14,1,0,0
BRDA:14,1,1,0
BRDA:25,2,0,0
BRDA:25,2,1,0
BRDA:37,3,0,0
BRDA:37,3,1,0
BRDA:48,4,0,0
BRDA:48,4,1,0
BRDA:54,5,0,0
BRDA:54,5,1,0
BRDA:58,6,0,0
BRDA:58,6,1,0
BRDA:61,7,0,0
BRDA:61,7,1,0
BRDA:68,8,0,0
BRDA:68,8,1,0
BRF:16
BRH:0
end_of_record
TN:
SF:C:\Users\Jeroen\school\cloudservices\eindopdracht_cloud_2\Draw-Smile\routes\rooms.js
FN:1,(anonymous_1)
FN:4,(anonymous_2)
FN:15,(anonymous_3)
FN:24,(anonymous_4)
FN:28,(anonymous_5)
FN:62,(anonymous_6)
FN:63,(anonymous_7)
FN:72,(anonymous_8)
FN:74,(anonymous_9)
FN:102,(anonymous_10)
FN:111,(anonymous_11)
FN:112,(anonymous_12)
FN:124,(anonymous_13)
FN:129,(anonymous_14)
FN:142,(anonymous_15)
FN:143,(anonymous_16)
FN:177,(anonymous_17)
FN:178,(anonymous_18)
FN:214,(anonymous_19)
FN:221,(anonymous_20)
FN:230,(anonymous_21)
FNF:21
FNH:1
FNDA:1,(anonymous_1)
FNDA:0,(anonymous_2)
FNDA:0,(anonymous_3)
FNDA:0,(anonymous_4)
FNDA:0,(anonymous_5)
FNDA:0,(anonymous_6)
FNDA:0,(anonymous_7)
FNDA:0,(anonymous_8)
FNDA:0,(anonymous_9)
FNDA:0,(anonymous_10)
FNDA:0,(anonymous_11)
FNDA:0,(anonymous_12)
FNDA:0,(anonymous_13)
FNDA:0,(anonymous_14)
FNDA:0,(anonymous_15)
FNDA:0,(anonymous_16)
FNDA:0,(anonymous_17)
FNDA:0,(anonymous_18)
FNDA:0,(anonymous_19)
FNDA:0,(anonymous_20)
FNDA:0,(anonymous_21)
DA:1,1
DA:3,1
DA:6,0
DA:7,0
DA:8,0
DA:9,0
DA:10,0
DA:11,0
DA:12,0
DA:13,0
DA:15,0
DA:16,0
DA:17,0
DA:18,0
DA:20,0
DA:21,0
DA:26,0
DA:29,0
DA:30,0
DA:31,0
DA:35,0
DA:36,0
DA:61,1
DA:63,0
DA:64,0
DA:65,0
DA:66,0
DA:68,0
DA:69,0
DA:74,0
DA:75,0
DA:76,0
DA:77,0
DA:81,0
DA:82,0
DA:84,0
DA:85,0
DA:87,0
DA:88,0
DA:91,0
DA:92,0
DA:94,0
DA:95,0
DA:97,0
DA:98,0
DA:102,0
DA:103,0
DA:105,0
DA:106,0
DA:110,1
DA:112,0
DA:113,0
DA:114,0
DA:115,0
DA:117,0
DA:118,0
DA:125,0
DA:126,0
DA:130,0
DA:135,0
DA:136,0
DA:141,1
DA:143,0
DA:144,0
DA:145,0
DA:146,0
DA:148,0
DA:149,0
DA:151,0
DA:152,0
DA:155,0
DA:158,0
DA:159,0
DA:165,0
DA:166,0
DA:178,0
DA:179,0
DA:180,0
DA:182,0
DA:183,0
DA:188,0
DA:189,0
DA:193,0
DA:200,0
DA:201,0
DA:204,0
DA:205,0
DA:210,0
DA:211,0
DA:212,0
DA:213,0
DA:214,0
DA:215,0
DA:216,0
DA:217,0
DA:219,0
DA:220,0
DA:221,0
DA:222,0
DA:223,0
DA:224,0
DA:230,0
DA:231,0
DA:232,0
DA:233,0
DA:245,1
LF:106
LH:6
BRDA:16,1,0,0
BRDA:16,1,1,0
BRDA:29,2,0,0
BRDA:29,2,1,0
BRDA:64,3,0,0
BRDA:64,3,1,0
BRDA:75,4,0,0
BRDA:75,4,1,0
BRDA:81,5,0,0
BRDA:81,5,1,0
BRDA:84,6,0,0
BRDA:84,6,1,0
BRDA:87,7,0,0
BRDA:87,7,1,0
BRDA:91,8,0,0
BRDA:91,8,1,0
BRDA:94,9,0,0
BRDA:94,9,1,0
BRDA:97,10,0,0
BRDA:97,10,1,0
BRDA:103,11,0,0
BRDA:103,11,1,0
BRDA:113,12,0,0
BRDA:113,12,1,0
BRDA:144,13,0,0
BRDA:144,13,1,0
BRDA:151,14,0,0
BRDA:151,14,1,0
BRDA:158,15,0,0
BRDA:158,15,1,0
BRDA:182,16,0,0
BRDA:182,16,1,0
BRDA:188,17,0,0
BRDA:188,17,1,0
BRDA:200,18,0,0
BRDA:200,18,1,0
BRDA:204,19,0,0
BRDA:204,19,1,0
BRDA:211,20,0,0
BRDA:211,20,1,0
BRDA:215,21,0,0
BRDA:215,21,1,0
BRDA:222,22,0,0
BRDA:222,22,1,0
BRDA:231,23,0,0
BRDA:231,23,1,0
BRF:46
BRH:0
end_of_record
TN:
SF:C:\Users\Jeroen\school\cloudservices\eindopdracht_cloud_2\Draw-Smile\routes\rankings.js
FN:1,(anonymous_1)
FN:5,(anonymous_2)
FN:11,(anonymous_3)
FN:20,(anonymous_4)
FN:21,(anonymous_5)
FN:32,(anonymous_6)
FN:33,(anonymous_7)
FNF:7
FNH:1
FNDA:1,(anonymous_1)
FNDA:0,(anonymous_2)
FNDA:0,(anonymous_3)
FNDA:0,(anonymous_4)
FNDA:0,(anonymous_5)
FNDA:0,(anonymous_6)
FNDA:0,(anonymous_7)
DA:1,1
DA:4,1
DA:6,0
DA:7,0
DA:8,0
DA:11,0
DA:12,0
DA:13,0
DA:14,0
DA:16,0
DA:17,0
DA:21,0
DA:22,0
DA:23,0
DA:24,0
DA:26,0
DA:27,0
DA:31,1
DA:33,0
DA:34,0
DA:35,0
DA:36,0
DA:38,0
DA:39,0
DA:44,1
LF:25
LH:4
BRDA:12,1,0,0
BRDA:12,1,1,0
BRDA:22,2,0,0
BRDA:22,2,1,0
BRDA:34,3,0,0
BRDA:34,3,1,0
BRF:6
BRH:0
end_of_record
