TN:
SF:C:\Users\Jeroen\school\cloudservices\eindopdracht_cloud_2\Draw-Smile\app\models\Images.js
FNF:0
FNH:0
DA:2,1
DA:3,1
DA:5,1
DA:11,1
LF:4
LH:4
BRF:0
BRH:0
end_of_record
TN:
SF:C:\Users\Jeroen\school\cloudservices\eindopdracht_cloud_2\Draw-Smile\app\models\Stories.js
FNF:0
FNH:0
DA:3,1
DA:4,1
DA:6,1
DA:24,1
LF:4
LH:4
BRF:0
BRH:0
end_of_record
TN:
SF:C:\Users\Jeroen\school\cloudservices\eindopdracht_cloud_2\Draw-Smile\app\models\User.js
FNF:0
FNH:0
DA:2,1
DA:3,1
DA:4,1
DA:7,1
DA:19,1
LF:5
LH:5
BRF:0
BRH:0
end_of_record
TN:
SF:C:\Users\Jeroen\school\cloudservices\eindopdracht_cloud_2\Draw-Smile\app\models\Room.js
FNF:0
FNH:0
DA:3,1
DA:4,1
DA:6,1
DA:30,1
LF:4
LH:4
BRF:0
BRH:0
end_of_record
TN:
SF:C:\Users\Jeroen\school\cloudservices\eindopdracht_cloud_2\Draw-Smile\app\models\Rankings.js
FNF:0
FNH:0
DA:2,1
DA:3,1
DA:6,1
DA:19,1
LF:4
LH:4
BRF:0
BRH:0
end_of_record
TN:
SF:C:\Users\Jeroen\school\cloudservices\eindopdracht_cloud_2\Draw-Smile\routes\Images.js
FN:1,(anonymous_1)
FN:5,(anonymous_2)
FN:6,(anonymous_3)
FN:15,(anonymous_4)
FN:21,(anonymous_5)
FN:34,(anonymous_6)
FN:35,(anonymous_7)
FNF:7
FNH:7
FNDA:1,(anonymous_1)
FNDA:2,(anonymous_2)
FNDA:2,(anonymous_3)
FNDA:1,(anonymous_4)
FNDA:1,(anonymous_5)
FNDA:1,(anonymous_6)
FNDA:1,(anonymous_7)
DA:1,1
DA:4,1
DA:6,2
DA:7,2
DA:8,0
DA:9,0
DA:11,2
DA:12,2
DA:16,1
DA:17,1
DA:21,1
DA:22,1
DA:23,0
DA:24,0
DA:26,1
DA:27,1
DA:33,1
DA:35,1
DA:36,1
DA:37,0
DA:38,0
DA:40,1
DA:41,1
DA:46,1
LF:24
LH:18
BRDA:7,1,0,0
BRDA:7,1,1,2
BRDA:22,2,0,0
BRDA:22,2,1,1
BRDA:36,3,0,0
BRDA:36,3,1,1
BRF:6
BRH:3
end_of_record
TN:
SF:C:\Users\Jeroen\school\cloudservices\eindopdracht_cloud_2\Draw-Smile\routes\users.js
FN:3,(anonymous_1)
FN:7,(anonymous_2)
FN:16,(anonymous_3)
FN:23,(anonymous_4)
FN:30,(anonymous_5)
FN:38,(anonymous_6)
FN:40,(anonymous_7)
FN:51,(anonymous_8)
FN:52,(anonymous_9)
FN:61,(anonymous_10)
FN:63,(anonymous_11)
FN:81,(anonymous_12)
FN:88,(anonymous_13)
FN:98,(anonymous_14)
FNF:14
FNH:10
FNDA:1,(anonymous_1)
FNDA:1,(anonymous_2)
FNDA:0,(anonymous_3)
FNDA:0,(anonymous_4)
FNDA:1,(anonymous_5)
FNDA:3,(anonymous_6)
FNDA:3,(anonymous_7)
FNDA:1,(anonymous_8)
FNDA:1,(anonymous_9)
FNDA:1,(anonymous_10)
FNDA:1,(anonymous_11)
FNDA:0,(anonymous_12)
FNDA:0,(anonymous_13)
FNDA:1,(anonymous_14)
DA:3,1
DA:6,1
DA:8,1
DA:9,1
DA:10,1
DA:13,1
DA:14,0
DA:15,0
DA:16,0
DA:17,0
DA:18,0
DA:19,0
DA:21,0
DA:22,0
DA:23,0
DA:24,0
DA:25,0
DA:26,0
DA:30,1
DA:31,1
DA:32,1
DA:33,1
DA:40,3
DA:41,3
DA:42,0
DA:43,0
DA:45,3
DA:46,3
DA:50,1
DA:52,1
DA:53,1
DA:54,0
DA:55,0
DA:57,1
DA:58,1
DA:63,1
DA:64,1
DA:65,0
DA:66,0
DA:70,1
DA:71,1
DA:74,1
DA:75,0
DA:78,1
DA:79,0
DA:80,0
DA:81,0
DA:82,0
DA:83,0
DA:84,0
DA:86,0
DA:87,0
DA:88,0
DA:89,0
DA:90,0
DA:91,0
DA:98,1
DA:99,1
DA:100,1
DA:101,1
DA:113,1
LF:61
LH:30
BRDA:13,1,0,0
BRDA:13,1,1,1
BRDA:17,2,0,0
BRDA:17,2,1,0
BRDA:24,3,0,0
BRDA:24,3,1,0
BRDA:31,4,0,0
BRDA:31,4,1,1
BRDA:41,5,0,0
BRDA:41,5,1,3
BRDA:53,6,0,0
BRDA:53,6,1,1
BRDA:64,7,0,0
BRDA:64,7,1,1
BRDA:70,8,0,1
BRDA:70,8,1,0
BRDA:74,9,0,0
BRDA:74,9,1,1
BRDA:78,10,0,0
BRDA:78,10,1,1
BRDA:82,11,0,0
BRDA:82,11,1,0
BRDA:89,12,0,0
BRDA:89,12,1,0
BRDA:99,13,0,0
BRDA:99,13,1,1
BRF:26
BRH:9
end_of_record
TN:
SF:C:\Users\Jeroen\school\cloudservices\eindopdracht_cloud_2\Draw-Smile\routes\rooms.js
FN:1,(anonymous_1)
FN:4,(anonymous_2)
FN:15,(anonymous_3)
FN:24,(anonymous_4)
FN:28,(anonymous_5)
FN:62,(anonymous_6)
FN:65,(anonymous_7)
FN:76,(anonymous_8)
FN:78,(anonymous_9)
FN:106,(anonymous_10)
FN:115,(anonymous_11)
FN:116,(anonymous_12)
FN:128,(anonymous_13)
FN:133,(anonymous_14)
FN:149,(anonymous_15)
FN:150,(anonymous_16)
FN:184,(anonymous_17)
FN:185,(anonymous_18)
FN:219,(anonymous_19)
FN:226,(anonymous_20)
FN:235,(anonymous_21)
FNF:21
FNH:16
FNDA:1,(anonymous_1)
FNDA:1,(anonymous_2)
FNDA:1,(anonymous_3)
FNDA:6,(anonymous_4)
FNDA:6,(anonymous_5)
FNDA:1,(anonymous_6)
FNDA:1,(anonymous_7)
FNDA:1,(anonymous_8)
FNDA:1,(anonymous_9)
FNDA:1,(anonymous_10)
FNDA:2,(anonymous_11)
FNDA:2,(anonymous_12)
FNDA:1,(anonymous_13)
FNDA:1,(anonymous_14)
FNDA:1,(anonymous_15)
FNDA:1,(anonymous_16)
FNDA:0,(anonymous_17)
FNDA:0,(anonymous_18)
FNDA:0,(anonymous_19)
FNDA:0,(anonymous_20)
FNDA:0,(anonymous_21)
DA:1,1
DA:3,1
DA:7,1
DA:8,1
DA:9,1
DA:10,1
DA:11,1
DA:12,1
DA:13,1
DA:15,1
DA:16,1
DA:17,0
DA:18,0
DA:20,1
DA:21,1
DA:26,6
DA:29,6
DA:30,0
DA:31,0
DA:35,6
DA:36,6
DA:61,1
DA:63,1
DA:66,1
DA:67,0
DA:68,0
DA:71,1
DA:72,1
DA:78,1
DA:79,1
DA:80,0
DA:81,0
DA:85,1
DA:86,1
DA:88,1
DA:89,0
DA:91,1
DA:92,0
DA:95,1
DA:96,0
DA:98,1
DA:99,0
DA:101,1
DA:102,0
DA:106,1
DA:107,1
DA:109,1
DA:110,1
DA:114,1
DA:116,2
DA:117,2
DA:118,0
DA:119,0
DA:121,2
DA:122,2
DA:130,1
DA:134,1
DA:135,0
DA:136,0
DA:142,1
DA:143,1
DA:148,1
DA:150,1
DA:151,1
DA:152,0
DA:153,0
DA:155,1
DA:156,1
DA:158,9
DA:159,1
DA:162,1
DA:165,1
DA:166,0
DA:172,1
DA:173,1
DA:185,0
DA:186,0
DA:187,0
DA:189,0
DA:190,0
DA:195,0
DA:196,0
DA:200,0
DA:207,0
DA:208,0
DA:211,0
DA:212,0
DA:216,0
DA:217,0
DA:218,0
DA:219,0
DA:220,0
DA:221,0
DA:222,0
DA:225,0
DA:226,0
DA:227,0
DA:228,0
DA:229,0
DA:235,0
DA:236,0
DA:237,0
DA:238,0
DA:250,1
LF:104
LH:56
BRDA:16,1,0,0
BRDA:16,1,1,1
BRDA:29,2,0,0
BRDA:29,2,1,6
BRDA:66,3,0,0
BRDA:66,3,1,1
BRDA:79,4,0,0
BRDA:79,4,1,1
BRDA:85,5,0,1
BRDA:85,5,1,0
BRDA:88,6,0,0
BRDA:88,6,1,1
BRDA:91,7,0,0
BRDA:91,7,1,1
BRDA:95,8,0,0
BRDA:95,8,1,1
BRDA:98,9,0,0
BRDA:98,9,1,1
BRDA:101,10,0,0
BRDA:101,10,1,1
BRDA:107,11,0,0
BRDA:107,11,1,1
BRDA:117,12,0,0
BRDA:117,12,1,2
BRDA:134,13,0,0
BRDA:134,13,1,1
BRDA:151,14,0,0
BRDA:151,14,1,1
BRDA:158,15,0,1
BRDA:158,15,1,8
BRDA:165,16,0,0
BRDA:165,16,1,1
BRDA:189,17,0,0
BRDA:189,17,1,0
BRDA:195,18,0,0
BRDA:195,18,1,0
BRDA:207,19,0,0
BRDA:207,19,1,0
BRDA:211,20,0,0
BRDA:211,20,1,0
BRDA:216,21,0,0
BRDA:216,21,1,0
BRDA:220,22,0,0
BRDA:220,22,1,0
BRDA:227,23,0,0
BRDA:227,23,1,0
BRDA:236,24,0,0
BRDA:236,24,1,0
BRF:48
BRH:17
end_of_record
TN:
SF:C:\Users\Jeroen\school\cloudservices\eindopdracht_cloud_2\Draw-Smile\routes\rankings.js
FN:1,(anonymous_1)
FN:5,(anonymous_2)
FN:11,(anonymous_3)
FN:20,(anonymous_4)
FN:21,(anonymous_5)
FN:32,(anonymous_6)
FN:33,(anonymous_7)
FNF:7
FNH:7
FNDA:1,(anonymous_1)
FNDA:1,(anonymous_2)
FNDA:1,(anonymous_3)
FNDA:2,(anonymous_4)
FNDA:2,(anonymous_5)
FNDA:1,(anonymous_6)
FNDA:1,(anonymous_7)
DA:1,1
DA:4,1
DA:6,1
DA:7,1
DA:8,1
DA:11,1
DA:12,1
DA:13,0
DA:14,0
DA:16,1
DA:17,1
DA:21,2
DA:22,2
DA:23,0
DA:24,0
DA:26,2
DA:27,2
DA:31,1
DA:33,1
DA:34,1
DA:35,0
DA:36,0
DA:38,1
DA:39,1
DA:44,1
LF:25
LH:19
BRDA:12,1,0,0
BRDA:12,1,1,1
BRDA:22,2,0,0
BRDA:22,2,1,2
BRDA:34,3,0,0
BRDA:34,3,1,1
BRF:6
BRH:3
end_of_record
